Microsoft Windows [Version 10.0.19045.2965]
(c) Microsoft Corporation. All rights reserved.

C:\Windows\system32>py --version
Python 3.11.3

C:\Windows\system32>python --version
Running Debug|x64 interpreter...
Python 3.9.16

C:\Windows\system32>cd c:\voyager\voyager

c:\Voyager\Voyager>pip install cchardet
Collecting cchardet
  Using cached cchardet-2.1.7.tar.gz (653 kB)
  Preparing metadata (setup.py) ... done
Building wheels for collected packages: cchardet
  Building wheel for cchardet (setup.py) ... error
  error: subprocess-exited-with-error

  × python setup.py bdist_wheel did not run successfully.
  │ exit code: 1
  ╰─> [22 lines of output]
      running bdist_wheel
      running build
      running build_py
      creating build
      creating build\lib.win-amd64-cpython-311
      creating build\lib.win-amd64-cpython-311\cchardet
      copying src\cchardet\version.py -> build\lib.win-amd64-cpython-311\cchardet
      copying src\cchardet\__init__.py -> build\lib.win-amd64-cpython-311\cchardet
      running build_ext
      building 'cchardet._cchardet' extension
      creating build\temp.win-amd64-cpython-311
      creating build\temp.win-amd64-cpython-311\Release
      creating build\temp.win-amd64-cpython-311\Release\src
      creating build\temp.win-amd64-cpython-311\Release\src\cchardet
      creating build\temp.win-amd64-cpython-311\Release\src\ext
      creating build\temp.win-amd64-cpython-311\Release\src\ext\uchardet
      creating build\temp.win-amd64-cpython-311\Release\src\ext\uchardet\src
      creating build\temp.win-amd64-cpython-311\Release\src\ext\uchardet\src\LangModels
      "C:\Program Files (x86)\Microsoft Visual Studio\2022\BuildTools\VC\Tools\MSVC\14.36.32532\bin\HostX86\x64\cl.exe" /c /nologo /O2 /W3 /GL /DNDEBUG /MD -Isrc/ext/uchardet/src -IC:\Users\Freak\AppData\Local\Programs\Python\Python311\include -IC:\Users\Freak\AppData\Local\Programs\Python\Python311\Include "-IC:\Program Files (x86)\Microsoft Visual Studio\2022\BuildTools\VC\Tools\MSVC\14.36.32532\include" "-IC:\Program Files (x86)\Microsoft Visual Studio\2022\BuildTools\VC\Tools\MSVC\14.36.32532\ATLMFC\include" "-IC:\Program Files (x86)\Microsoft Visual Studio\2022\BuildTools\VC\Auxiliary\VS\include" "-IC:\Program Files (x86)\Windows Kits\10\include\10.0.22000.0\ucrt" "-IC:\Program Files (x86)\Windows Kits\10\\include\10.0.22000.0\\um" "-IC:\Program Files (x86)\Windows Kits\10\\include\10.0.22000.0\\shared" "-IC:\Program Files (x86)\Windows Kits\10\\include\10.0.22000.0\\winrt" "-IC:\Program Files (x86)\Windows Kits\10\\include\10.0.22000.0\\cppwinrt" "-IC:\Program Files (x86)\Windows Kits\NETFXSDK\4.8\include\um" /EHsc /Tpsrc/cchardet\_cchardet.cpp /Fobuild\temp.win-amd64-cpython-311\Release\src/cchardet\_cchardet.obj
      _cchardet.cpp
      src/cchardet\_cchardet.cpp(196): fatal error C1083: Cannot open include file: 'longintrepr.h': No such file or directory
      error: command 'C:\\Program Files (x86)\\Microsoft Visual Studio\\2022\\BuildTools\\VC\\Tools\\MSVC\\14.36.32532\\bin\\HostX86\\x64\\cl.exe' failed with exit code 2
      [end of output]

  note: This error originates from a subprocess, and is likely not a problem with pip.
  ERROR: Failed building wheel for cchardet
  Running setup.py clean for cchardet
Failed to build cchardet
ERROR: Could not build wheels for cchardet, which is required to install pyproject.toml-based projects

c:\Voyager\Voyager>python -m pip install cchardet
Running Debug|x64 interpreter...
C:\Users\Freak\Downloads\Python-3.9.16\Python-3.9.16\PCbuild\amd64\python_d.exe: No module named pip

c:\Voyager\Voyager>cd C:\Users\Freak\Downloads

C:\Users\Freak\Downloads>python get-pip.py
Running Debug|x64 interpreter...
Collecting pip
  Using cached pip-23.1.2-py3-none-any.whl (2.1 MB)
Collecting setuptools
  Using cached setuptools-67.8.0-py3-none-any.whl (1.1 MB)
Collecting wheel
  Using cached wheel-0.40.0-py3-none-any.whl (64 kB)
Installing collected packages: wheel, setuptools, pip
  WARNING: The script wheel.exe is installed in 'C:\Users\Freak\Downloads\Python-3.9.16\Python-3.9.16\Scripts' which is not on PATH.
  Consider adding this directory to PATH or, if you prefer to suppress this warning, use --no-warn-script-location.
  WARNING: The scripts pip.exe, pip3.9.exe and pip3.exe are installed in 'C:\Users\Freak\Downloads\Python-3.9.16\Python-3.9.16\Scripts' which is not on PATH.
  Consider adding this directory to PATH or, if you prefer to suppress this warning, use --no-warn-script-location.
Successfully installed pip-23.1.2 setuptools-67.8.0 wheel-0.40.0

C:\Users\Freak\Downloads>pip install cchardet
Collecting cchardet
  Using cached cchardet-2.1.7.tar.gz (653 kB)
  Preparing metadata (setup.py) ... done
Building wheels for collected packages: cchardet
  Building wheel for cchardet (setup.py) ... error
  error: subprocess-exited-with-error

  × python setup.py bdist_wheel did not run successfully.
  │ exit code: 1
  ╰─> [22 lines of output]
      running bdist_wheel
      running build
      running build_py
      creating build
      creating build\lib.win-amd64-cpython-311
      creating build\lib.win-amd64-cpython-311\cchardet
      copying src\cchardet\version.py -> build\lib.win-amd64-cpython-311\cchardet
      copying src\cchardet\__init__.py -> build\lib.win-amd64-cpython-311\cchardet
      running build_ext
      building 'cchardet._cchardet' extension
      creating build\temp.win-amd64-cpython-311
      creating build\temp.win-amd64-cpython-311\Release
      creating build\temp.win-amd64-cpython-311\Release\src
      creating build\temp.win-amd64-cpython-311\Release\src\cchardet
      creating build\temp.win-amd64-cpython-311\Release\src\ext
      creating build\temp.win-amd64-cpython-311\Release\src\ext\uchardet
      creating build\temp.win-amd64-cpython-311\Release\src\ext\uchardet\src
      creating build\temp.win-amd64-cpython-311\Release\src\ext\uchardet\src\LangModels
      "C:\Program Files (x86)\Microsoft Visual Studio\2022\BuildTools\VC\Tools\MSVC\14.36.32532\bin\HostX86\x64\cl.exe" /c /nologo /O2 /W3 /GL /DNDEBUG /MD -Isrc/ext/uchardet/src -IC:\Users\Freak\AppData\Local\Programs\Python\Python311\include -IC:\Users\Freak\AppData\Local\Programs\Python\Python311\Include "-IC:\Program Files (x86)\Microsoft Visual Studio\2022\BuildTools\VC\Tools\MSVC\14.36.32532\include" "-IC:\Program Files (x86)\Microsoft Visual Studio\2022\BuildTools\VC\Tools\MSVC\14.36.32532\ATLMFC\include" "-IC:\Program Files (x86)\Microsoft Visual Studio\2022\BuildTools\VC\Auxiliary\VS\include" "-IC:\Program Files (x86)\Windows Kits\10\include\10.0.22000.0\ucrt" "-IC:\Program Files (x86)\Windows Kits\10\\include\10.0.22000.0\\um" "-IC:\Program Files (x86)\Windows Kits\10\\include\10.0.22000.0\\shared" "-IC:\Program Files (x86)\Windows Kits\10\\include\10.0.22000.0\\winrt" "-IC:\Program Files (x86)\Windows Kits\10\\include\10.0.22000.0\\cppwinrt" "-IC:\Program Files (x86)\Windows Kits\NETFXSDK\4.8\include\um" /EHsc /Tpsrc/cchardet\_cchardet.cpp /Fobuild\temp.win-amd64-cpython-311\Release\src/cchardet\_cchardet.obj
      _cchardet.cpp
      src/cchardet\_cchardet.cpp(196): fatal error C1083: Cannot open include file: 'longintrepr.h': No such file or directory
      error: command 'C:\\Program Files (x86)\\Microsoft Visual Studio\\2022\\BuildTools\\VC\\Tools\\MSVC\\14.36.32532\\bin\\HostX86\\x64\\cl.exe' failed with exit code 2
      [end of output]

  note: This error originates from a subprocess, and is likely not a problem with pip.
  ERROR: Failed building wheel for cchardet
  Running setup.py clean for cchardet
Failed to build cchardet
ERROR: Could not build wheels for cchardet, which is required to install pyproject.toml-based projects

C:\Users\Freak\Downloads>python -m pip install cchardet
Running Debug|x64 interpreter...
Collecting cchardet
  Downloading cchardet-2.1.7-cp39-cp39-win_amd64.whl (115 kB)
     ---------------------------------------- 115.1/115.1 kB 3.4 MB/s eta 0:00:00
Installing collected packages: cchardet
Successfully installed cchardet-2.1.7

C:\Users\Freak\Downloads>cd c:\voyager\voyager

c:\Voyager\Voyager>python -m pip install -e .
Running Debug|x64 interpreter...
Obtaining file:///C:/Voyager/Voyager
  Preparing metadata (setup.py) ... done
Collecting tqdm (from voyager==0.1)
  Using cached tqdm-4.65.0-py3-none-any.whl (77 kB)
Collecting langchain (from voyager==0.1)
  Using cached langchain-0.0.189-py3-none-any.whl (975 kB)
Collecting javascript (from voyager==0.1)
  Using cached javascript-1%211.0.2-py3-none-any.whl (33 kB)
Requirement already satisfied: setuptools in c:\users\freak\downloads\python-3.9.16\python-3.9.16\lib\site-packages (from voyager==0.1) (67.8.0)
Collecting openai (from voyager==0.1)
  Using cached openai-0.27.7-py3-none-any.whl (71 kB)
Collecting chardet (from voyager==0.1)
  Using cached chardet-5.1.0-py3-none-any.whl (199 kB)
Requirement already satisfied: cchardet in c:\users\freak\downloads\python-3.9.16\python-3.9.16\lib\site-packages (from voyager==0.1) (2.1.7)
Collecting chromadb (from voyager==0.1)
  Using cached chromadb-0.3.25-py3-none-any.whl (86 kB)
Collecting tiktoken (from voyager==0.1)
  Downloading tiktoken-0.4.0-cp39-cp39-win_amd64.whl (635 kB)
     ---------------------------------------- 635.6/635.6 kB 3.1 MB/s eta 0:00:00
Collecting requests (from voyager==0.1)
  Using cached requests-2.31.0-py3-none-any.whl (62 kB)
Collecting gymnasium (from voyager==0.1)
  Using cached gymnasium-0.28.1-py3-none-any.whl (925 kB)
Collecting psutil (from voyager==0.1)
  Using cached psutil-5.9.5-cp36-abi3-win_amd64.whl (255 kB)
Collecting minecraft_launcher_lib (from voyager==0.1)
  Using cached minecraft_launcher_lib-5.3-py3-none-any.whl (25 kB)
Collecting pandas>=1.3 (from chromadb->voyager==0.1)
  Downloading pandas-2.0.2-cp39-cp39-win_amd64.whl (10.7 MB)
     ---------------------------------------- 10.7/10.7 MB 8.2 MB/s eta 0:00:00
Collecting pydantic>=1.9 (from chromadb->voyager==0.1)
  Downloading pydantic-1.10.8-cp39-cp39-win_amd64.whl (2.2 MB)
     ---------------------------------------- 2.2/2.2 MB 6.6 MB/s eta 0:00:00
Collecting hnswlib>=0.7 (from chromadb->voyager==0.1)
  Using cached hnswlib-0.7.0.tar.gz (33 kB)
  Installing build dependencies ... done
  Getting requirements to build wheel ... error
  error: subprocess-exited-with-error

  × Getting requirements to build wheel did not run successfully.
  │ exit code: 1
  ╰─> [51 lines of output]
      Traceback (most recent call last):
        File "C:\Users\Freak\AppData\Local\Temp\pip-build-env-x6cjc3sc\overlay\Lib\site-packages\numpy\core\__init__.py", line 23, in <module>
          from . import multiarray
        File "C:\Users\Freak\AppData\Local\Temp\pip-build-env-x6cjc3sc\overlay\Lib\site-packages\numpy\core\multiarray.py", line 10, in <module>
          from . import overrides
        File "C:\Users\Freak\AppData\Local\Temp\pip-build-env-x6cjc3sc\overlay\Lib\site-packages\numpy\core\overrides.py", line 6, in <module>
          from numpy.core._multiarray_umath import (
      ModuleNotFoundError: No module named 'numpy.core._multiarray_umath'

      During handling of the above exception, another exception occurred:

      Traceback (most recent call last):
        File "C:\Users\Freak\Downloads\Python-3.9.16\Python-3.9.16\lib\site-packages\pip\_vendor\pyproject_hooks\_in_process\_in_process.py", line 353, in <module>
          main()
        File "C:\Users\Freak\Downloads\Python-3.9.16\Python-3.9.16\lib\site-packages\pip\_vendor\pyproject_hooks\_in_process\_in_process.py", line 335, in main
          json_out['return_val'] = hook(**hook_input['kwargs'])
        File "C:\Users\Freak\Downloads\Python-3.9.16\Python-3.9.16\lib\site-packages\pip\_vendor\pyproject_hooks\_in_process\_in_process.py", line 118, in get_requires_for_build_wheel
          return hook(config_settings)
        File "C:\Users\Freak\AppData\Local\Temp\pip-build-env-x6cjc3sc\overlay\Lib\site-packages\setuptools\build_meta.py", line 341, in get_requires_for_build_wheel
          return self._get_build_requires(config_settings, requirements=['wheel'])
        File "C:\Users\Freak\AppData\Local\Temp\pip-build-env-x6cjc3sc\overlay\Lib\site-packages\setuptools\build_meta.py", line 323, in _get_build_requires
          self.run_setup()
        File "C:\Users\Freak\AppData\Local\Temp\pip-build-env-x6cjc3sc\overlay\Lib\site-packages\setuptools\build_meta.py", line 338, in run_setup
          exec(code, locals())
        File "<string>", line 5, in <module>
        File "C:\Users\Freak\AppData\Local\Temp\pip-build-env-x6cjc3sc\overlay\Lib\site-packages\numpy\__init__.py", line 141, in <module>
          from . import core
        File "C:\Users\Freak\AppData\Local\Temp\pip-build-env-x6cjc3sc\overlay\Lib\site-packages\numpy\core\__init__.py", line 49, in <module>
          raise ImportError(msg)
      ImportError:

      IMPORTANT: PLEASE READ THIS FOR ADVICE ON HOW TO SOLVE THIS ISSUE!

      Importing the numpy C-extensions failed. This error can happen for
      many reasons, often due to issues with your setup or how NumPy was
      installed.

      We have compiled some common reasons and troubleshooting tips at:

          https://numpy.org/devdocs/user/troubleshooting-importerror.html

      Please note and check the following:

        * The Python version is: Python3.9 from "C:\Users\Freak\Downloads\Python-3.9.16\Python-3.9.16\PCbuild\amd64\python_d.exe"
        * The NumPy version is: "1.24.3"

      and make sure that they are the versions you expect.
      Please carefully study the documentation linked above for further help.

      Original error was: No module named 'numpy.core._multiarray_umath'

      [end of output]

  note: This error originates from a subprocess, and is likely not a problem with pip.
error: subprocess-exited-with-error

× Getting requirements to build wheel did not run successfully.
│ exit code: 1
╰─> See above for output.

note: This error originates from a subprocess, and is likely not a problem with pip.

c:\Voyager\Voyager>pip install -e .
Obtaining file:///C:/Voyager/Voyager
  Preparing metadata (setup.py) ... done
Requirement already satisfied: tqdm in c:\users\freak\appdata\local\programs\python\python311\lib\site-packages (from voyager==0.1) (4.65.0)
Collecting langchain (from voyager==0.1)
  Using cached langchain-0.0.189-py3-none-any.whl (975 kB)
Collecting javascript (from voyager==0.1)
  Using cached javascript-1%211.0.2-py3-none-any.whl (33 kB)
Requirement already satisfied: setuptools in c:\users\freak\appdata\local\programs\python\python311\lib\site-packages (from voyager==0.1) (67.8.0)
Collecting openai (from voyager==0.1)
  Using cached openai-0.27.7-py3-none-any.whl (71 kB)
Collecting chardet (from voyager==0.1)
  Using cached chardet-5.1.0-py3-none-any.whl (199 kB)
Collecting cchardet (from voyager==0.1)
  Using cached cchardet-2.1.7.tar.gz (653 kB)
  Preparing metadata (setup.py) ... done
Collecting chromadb (from voyager==0.1)
  Using cached chromadb-0.3.25-py3-none-any.whl (86 kB)
Collecting tiktoken (from voyager==0.1)
  Using cached tiktoken-0.4.0-cp311-cp311-win_amd64.whl (635 kB)
Collecting requests (from voyager==0.1)
  Using cached requests-2.31.0-py3-none-any.whl (62 kB)
Collecting gymnasium (from voyager==0.1)
  Using cached gymnasium-0.28.1-py3-none-any.whl (925 kB)
Collecting psutil (from voyager==0.1)
  Using cached psutil-5.9.5-cp36-abi3-win_amd64.whl (255 kB)
Collecting minecraft_launcher_lib (from voyager==0.1)
  Using cached minecraft_launcher_lib-5.3-py3-none-any.whl (25 kB)
Collecting pandas>=1.3 (from chromadb->voyager==0.1)
  Using cached pandas-2.0.2-cp311-cp311-win_amd64.whl (10.6 MB)
Collecting pydantic>=1.9 (from chromadb->voyager==0.1)
  Using cached pydantic-1.10.8-cp311-cp311-win_amd64.whl (2.1 MB)
Collecting hnswlib>=0.7 (from chromadb->voyager==0.1)
  Using cached hnswlib-0.7.0-cp311-cp311-win_amd64.whl
Collecting clickhouse-connect>=0.5.7 (from chromadb->voyager==0.1)
  Using cached clickhouse_connect-0.5.25-cp311-cp311-win_amd64.whl (223 kB)
Collecting duckdb>=0.7.1 (from chromadb->voyager==0.1)
  Using cached duckdb-0.8.0-cp311-cp311-win_amd64.whl (9.8 MB)
Collecting fastapi>=0.85.1 (from chromadb->voyager==0.1)
  Using cached fastapi-0.96.0-py3-none-any.whl (57 kB)
Collecting uvicorn[standard]>=0.18.3 (from chromadb->voyager==0.1)
  Using cached uvicorn-0.22.0-py3-none-any.whl (58 kB)
Requirement already satisfied: numpy>=1.21.6 in c:\users\freak\appdata\local\programs\python\python311\lib\site-packages (from chromadb->voyager==0.1) (1.24.3)
Collecting posthog>=2.4.0 (from chromadb->voyager==0.1)
  Using cached posthog-3.0.1-py2.py3-none-any.whl (37 kB)
Collecting onnxruntime>=1.14.1 (from chromadb->voyager==0.1)
  Using cached onnxruntime-1.15.0-cp311-cp311-win_amd64.whl (6.7 MB)
Collecting tokenizers>=0.13.2 (from chromadb->voyager==0.1)
  Using cached tokenizers-0.13.3-cp311-cp311-win_amd64.whl (3.5 MB)
Collecting typing-extensions>=4.5.0 (from chromadb->voyager==0.1)
  Using cached typing_extensions-4.6.3-py3-none-any.whl (31 kB)
Collecting overrides>=7.3.1 (from chromadb->voyager==0.1)
  Using cached overrides-7.3.1-py3-none-any.whl (17 kB)
Collecting charset-normalizer<4,>=2 (from requests->voyager==0.1)
  Using cached charset_normalizer-3.1.0-cp311-cp311-win_amd64.whl (96 kB)
Collecting idna<4,>=2.5 (from requests->voyager==0.1)
  Using cached idna-3.4-py3-none-any.whl (61 kB)
Collecting urllib3<3,>=1.21.1 (from requests->voyager==0.1)
  Using cached urllib3-2.0.2-py3-none-any.whl (123 kB)
Collecting certifi>=2017.4.17 (from requests->voyager==0.1)
  Using cached certifi-2023.5.7-py3-none-any.whl (156 kB)
Requirement already satisfied: colorama in c:\users\freak\appdata\local\programs\python\python311\lib\site-packages (from tqdm->voyager==0.1) (0.4.6)
Collecting jax-jumpy>=1.0.0 (from gymnasium->voyager==0.1)
  Using cached jax_jumpy-1.0.0-py3-none-any.whl (20 kB)
Requirement already satisfied: cloudpickle>=1.2.0 in c:\users\freak\appdata\local\programs\python\python311\lib\site-packages (from gymnasium->voyager==0.1) (2.2.1)
Collecting farama-notifications>=0.0.1 (from gymnasium->voyager==0.1)
  Using cached Farama_Notifications-0.0.4-py3-none-any.whl (2.5 kB)
Requirement already satisfied: PyYAML>=5.4.1 in c:\users\freak\appdata\local\programs\python\python311\lib\site-packages (from langchain->voyager==0.1) (6.0)
Collecting SQLAlchemy<3,>=1.4 (from langchain->voyager==0.1)
  Using cached SQLAlchemy-2.0.15-cp311-cp311-win_amd64.whl (2.0 MB)
Collecting aiohttp<4.0.0,>=3.8.3 (from langchain->voyager==0.1)
  Using cached aiohttp-3.8.4-cp311-cp311-win_amd64.whl (317 kB)
Collecting dataclasses-json<0.6.0,>=0.5.7 (from langchain->voyager==0.1)
  Using cached dataclasses_json-0.5.7-py3-none-any.whl (25 kB)
Collecting numexpr<3.0.0,>=2.8.4 (from langchain->voyager==0.1)
  Using cached numexpr-2.8.4-cp311-cp311-win_amd64.whl (92 kB)
Collecting openapi-schema-pydantic<2.0,>=1.2 (from langchain->voyager==0.1)
  Using cached openapi_schema_pydantic-1.2.4-py3-none-any.whl (90 kB)
Collecting tenacity<9.0.0,>=8.1.0 (from langchain->voyager==0.1)
  Using cached tenacity-8.2.2-py3-none-any.whl (24 kB)
Collecting regex>=2022.1.18 (from tiktoken->voyager==0.1)
  Using cached regex-2023.6.3-cp311-cp311-win_amd64.whl (268 kB)
Collecting attrs>=17.3.0 (from aiohttp<4.0.0,>=3.8.3->langchain->voyager==0.1)
  Using cached attrs-23.1.0-py3-none-any.whl (61 kB)
Collecting multidict<7.0,>=4.5 (from aiohttp<4.0.0,>=3.8.3->langchain->voyager==0.1)
  Using cached multidict-6.0.4-cp311-cp311-win_amd64.whl (28 kB)
Collecting async-timeout<5.0,>=4.0.0a3 (from aiohttp<4.0.0,>=3.8.3->langchain->voyager==0.1)
  Using cached async_timeout-4.0.2-py3-none-any.whl (5.8 kB)
Collecting yarl<2.0,>=1.0 (from aiohttp<4.0.0,>=3.8.3->langchain->voyager==0.1)
  Using cached yarl-1.9.2-cp311-cp311-win_amd64.whl (60 kB)
Collecting frozenlist>=1.1.1 (from aiohttp<4.0.0,>=3.8.3->langchain->voyager==0.1)
  Using cached frozenlist-1.3.3-cp311-cp311-win_amd64.whl (32 kB)
Collecting aiosignal>=1.1.2 (from aiohttp<4.0.0,>=3.8.3->langchain->voyager==0.1)
  Using cached aiosignal-1.3.1-py3-none-any.whl (7.6 kB)
Collecting pytz (from clickhouse-connect>=0.5.7->chromadb->voyager==0.1)
  Using cached pytz-2023.3-py2.py3-none-any.whl (502 kB)
Collecting zstandard (from clickhouse-connect>=0.5.7->chromadb->voyager==0.1)
  Using cached zstandard-0.21.0-cp311-cp311-win_amd64.whl (511 kB)
Collecting lz4 (from clickhouse-connect>=0.5.7->chromadb->voyager==0.1)
  Using cached lz4-4.3.2-cp311-cp311-win_amd64.whl (99 kB)
Collecting marshmallow<4.0.0,>=3.3.0 (from dataclasses-json<0.6.0,>=0.5.7->langchain->voyager==0.1)
  Using cached marshmallow-3.19.0-py3-none-any.whl (49 kB)
Collecting marshmallow-enum<2.0.0,>=1.5.1 (from dataclasses-json<0.6.0,>=0.5.7->langchain->voyager==0.1)
  Using cached marshmallow_enum-1.5.1-py2.py3-none-any.whl (4.2 kB)
Collecting typing-inspect>=0.4.0 (from dataclasses-json<0.6.0,>=0.5.7->langchain->voyager==0.1)
  Using cached typing_inspect-0.9.0-py3-none-any.whl (8.8 kB)
Collecting starlette<0.28.0,>=0.27.0 (from fastapi>=0.85.1->chromadb->voyager==0.1)
  Using cached starlette-0.27.0-py3-none-any.whl (66 kB)
Requirement already satisfied: coloredlogs in c:\users\freak\appdata\local\programs\python\python311\lib\site-packages (from onnxruntime>=1.14.1->chromadb->voyager==0.1) (15.0.1)
Collecting flatbuffers (from onnxruntime>=1.14.1->chromadb->voyager==0.1)
  Using cached flatbuffers-23.5.26-py2.py3-none-any.whl (26 kB)
Collecting packaging (from onnxruntime>=1.14.1->chromadb->voyager==0.1)
  Using cached packaging-23.1-py3-none-any.whl (48 kB)
Collecting protobuf (from onnxruntime>=1.14.1->chromadb->voyager==0.1)
  Using cached protobuf-4.23.2-cp310-abi3-win_amd64.whl (422 kB)
Collecting sympy (from onnxruntime>=1.14.1->chromadb->voyager==0.1)
  Using cached sympy-1.12-py3-none-any.whl (5.7 MB)
Collecting python-dateutil>=2.8.2 (from pandas>=1.3->chromadb->voyager==0.1)
  Using cached python_dateutil-2.8.2-py2.py3-none-any.whl (247 kB)
Collecting tzdata>=2022.1 (from pandas>=1.3->chromadb->voyager==0.1)
  Using cached tzdata-2023.3-py2.py3-none-any.whl (341 kB)
Collecting six>=1.5 (from posthog>=2.4.0->chromadb->voyager==0.1)
  Using cached six-1.16.0-py2.py3-none-any.whl (11 kB)
Collecting monotonic>=1.5 (from posthog>=2.4.0->chromadb->voyager==0.1)
  Using cached monotonic-1.6-py2.py3-none-any.whl (8.2 kB)
Collecting backoff>=1.10.0 (from posthog>=2.4.0->chromadb->voyager==0.1)
  Using cached backoff-2.2.1-py3-none-any.whl (15 kB)
Collecting greenlet!=0.4.17 (from SQLAlchemy<3,>=1.4->langchain->voyager==0.1)
  Using cached greenlet-2.0.2-cp311-cp311-win_amd64.whl (192 kB)
Collecting click>=7.0 (from uvicorn[standard]>=0.18.3->chromadb->voyager==0.1)
  Using cached click-8.1.3-py3-none-any.whl (96 kB)
Collecting h11>=0.8 (from uvicorn[standard]>=0.18.3->chromadb->voyager==0.1)
  Using cached h11-0.14.0-py3-none-any.whl (58 kB)
Collecting httptools>=0.5.0 (from uvicorn[standard]>=0.18.3->chromadb->voyager==0.1)
  Using cached httptools-0.5.0-cp311-cp311-win_amd64.whl (140 kB)
Collecting python-dotenv>=0.13 (from uvicorn[standard]>=0.18.3->chromadb->voyager==0.1)
  Using cached python_dotenv-1.0.0-py3-none-any.whl (19 kB)
Collecting watchfiles>=0.13 (from uvicorn[standard]>=0.18.3->chromadb->voyager==0.1)
  Using cached watchfiles-0.19.0-cp37-abi3-win_amd64.whl (270 kB)
Collecting websockets>=10.4 (from uvicorn[standard]>=0.18.3->chromadb->voyager==0.1)
  Using cached websockets-11.0.3-cp311-cp311-win_amd64.whl (124 kB)
Collecting anyio<5,>=3.4.0 (from starlette<0.28.0,>=0.27.0->fastapi>=0.85.1->chromadb->voyager==0.1)
  Using cached anyio-3.7.0-py3-none-any.whl (80 kB)
Collecting mypy-extensions>=0.3.0 (from typing-inspect>=0.4.0->dataclasses-json<0.6.0,>=0.5.7->langchain->voyager==0.1)
  Using cached mypy_extensions-1.0.0-py3-none-any.whl (4.7 kB)
Requirement already satisfied: humanfriendly>=9.1 in c:\users\freak\appdata\local\programs\python\python311\lib\site-packages (from coloredlogs->onnxruntime>=1.14.1->chromadb->voyager==0.1) (10.0)
Collecting mpmath>=0.19 (from sympy->onnxruntime>=1.14.1->chromadb->voyager==0.1)
  Using cached mpmath-1.3.0-py3-none-any.whl (536 kB)
Collecting sniffio>=1.1 (from anyio<5,>=3.4.0->starlette<0.28.0,>=0.27.0->fastapi>=0.85.1->chromadb->voyager==0.1)
  Using cached sniffio-1.3.0-py3-none-any.whl (10 kB)
Requirement already satisfied: pyreadline3 in c:\users\freak\appdata\local\programs\python\python311\lib\site-packages (from humanfriendly>=9.1->coloredlogs->onnxruntime>=1.14.1->chromadb->voyager==0.1) (3.4.1)
Building wheels for collected packages: cchardet
  Building wheel for cchardet (setup.py) ... error
  error: subprocess-exited-with-error

  × python setup.py bdist_wheel did not run successfully.
  │ exit code: 1
  ╰─> [22 lines of output]
      running bdist_wheel
      running build
      running build_py
      creating build
      creating build\lib.win-amd64-cpython-311
      creating build\lib.win-amd64-cpython-311\cchardet
      copying src\cchardet\version.py -> build\lib.win-amd64-cpython-311\cchardet
      copying src\cchardet\__init__.py -> build\lib.win-amd64-cpython-311\cchardet
      running build_ext
      building 'cchardet._cchardet' extension
      creating build\temp.win-amd64-cpython-311
      creating build\temp.win-amd64-cpython-311\Release
      creating build\temp.win-amd64-cpython-311\Release\src
      creating build\temp.win-amd64-cpython-311\Release\src\cchardet
      creating build\temp.win-amd64-cpython-311\Release\src\ext
      creating build\temp.win-amd64-cpython-311\Release\src\ext\uchardet
      creating build\temp.win-amd64-cpython-311\Release\src\ext\uchardet\src
      creating build\temp.win-amd64-cpython-311\Release\src\ext\uchardet\src\LangModels
      "C:\Program Files (x86)\Microsoft Visual Studio\2022\BuildTools\VC\Tools\MSVC\14.36.32532\bin\HostX86\x64\cl.exe" /c /nologo /O2 /W3 /GL /DNDEBUG /MD -Isrc/ext/uchardet/src -IC:\Users\Freak\AppData\Local\Programs\Python\Python311\include -IC:\Users\Freak\AppData\Local\Programs\Python\Python311\Include "-IC:\Program Files (x86)\Microsoft Visual Studio\2022\BuildTools\VC\Tools\MSVC\14.36.32532\include" "-IC:\Program Files (x86)\Microsoft Visual Studio\2022\BuildTools\VC\Tools\MSVC\14.36.32532\ATLMFC\include" "-IC:\Program Files (x86)\Microsoft Visual Studio\2022\BuildTools\VC\Auxiliary\VS\include" "-IC:\Program Files (x86)\Windows Kits\10\include\10.0.22000.0\ucrt" "-IC:\Program Files (x86)\Windows Kits\10\\include\10.0.22000.0\\um" "-IC:\Program Files (x86)\Windows Kits\10\\include\10.0.22000.0\\shared" "-IC:\Program Files (x86)\Windows Kits\10\\include\10.0.22000.0\\winrt" "-IC:\Program Files (x86)\Windows Kits\10\\include\10.0.22000.0\\cppwinrt" "-IC:\Program Files (x86)\Windows Kits\NETFXSDK\4.8\include\um" /EHsc /Tpsrc/cchardet\_cchardet.cpp /Fobuild\temp.win-amd64-cpython-311\Release\src/cchardet\_cchardet.obj
      _cchardet.cpp
      src/cchardet\_cchardet.cpp(196): fatal error C1083: Cannot open include file: 'longintrepr.h': No such file or directory
      error: command 'C:\\Program Files (x86)\\Microsoft Visual Studio\\2022\\BuildTools\\VC\\Tools\\MSVC\\14.36.32532\\bin\\HostX86\\x64\\cl.exe' failed with exit code 2
      [end of output]

  note: This error originates from a subprocess, and is likely not a problem with pip.
  ERROR: Failed building wheel for cchardet
  Running setup.py clean for cchardet
Failed to build cchardet
ERROR: Could not build wheels for cchardet, which is required to install pyproject.toml-based projects